{"numTotalTestSuites":586,"numPassedTestSuites":579,"numFailedTestSuites":7,"numPendingTestSuites":0,"numTotalTests":2117,"numPassedTests":2104,"numFailedTests":7,"numPendingTests":6,"numTodoTests":0,"snapshot":{"added":0,"failure":false,"filesAdded":0,"filesRemoved":0,"filesRemovedList":[],"filesUnmatched":0,"filesUpdated":0,"matched":0,"total":0,"unchecked":0,"uncheckedKeysByFile":[],"unmatched":0,"updated":0,"didUpdate":false},"startTime":1772709794717,"success":false,"testResults":[{"assertionResults":[{"ancestorTitles":["AgentDetail tab configuration"],"fullName":"AgentDetail tab configuration has exactly 5 tabs","status":"passed","title":"has exactly 5 tabs","duration":2.780338999999998,"failureMessages":[],"meta":{}},{"ancestorTitles":["AgentDetail tab configuration"],"fullName":"AgentDetail tab configuration overview is the first (default) tab","status":"passed","title":"overview is the first (default) tab","duration":0.6106090000000108,"failureMessages":[],"meta":{}},{"ancestorTitles":["AgentDetail tab configuration"],"fullName":"AgentDetail tab configuration all tab IDs are unique","status":"passed","title":"all tab IDs are unique","duration":0.22779800000000705,"failureMessages":[],"meta":{}},{"ancestorTitles":["AgentDetail tab configuration"],"fullName":"AgentDetail tab configuration tab IDs are lowercase with no spaces","status":"passed","title":"tab IDs are lowercase with no spaces","duration":0.7084119999999814,"failureMessages":[],"meta":{}},{"ancestorTitles":["AgentDetail severity colors"],"fullName":"AgentDetail severity colors has colors for all four severity levels","status":"passed","title":"has colors for all four severity levels","duration":1.1468749999999943,"failureMessages":[],"meta":{}},{"ancestorTitles":["AgentDetail severity colors"],"fullName":"AgentDetail severity colors all colors use OKLCH format","status":"passed","title":"all colors use OKLCH format","duration":0.5135779999999954,"failureMessages":[],"meta":{}},{"ancestorTitles":["AgentDetail severity colors"],"fullName":"AgentDetail severity colors Critical is the most saturated (highest chroma)","status":"passed","title":"Critical is the most saturated (highest chroma)","duration":0.40279700000002094,"failureMessages":[],"meta":{}},{"ancestorTitles":["AgentDetail alert level classification"],"fullName":"AgentDetail alert level classification classifies level 15 as critical","status":"passed","title":"classifies level 15 as critical","duration":0.18636999999998238,"failureMessages":[],"meta":{}},{"ancestorTitles":["AgentDetail alert level classification"],"fullName":"AgentDetail alert level classification classifies level 12 as critical","status":"passed","title":"classifies level 12 as critical","duration":0.33988400000001207,"failureMessages":[],"meta":{}},{"ancestorTitles":["AgentDetail alert level classification"],"fullName":"AgentDetail alert level classification classifies level 11 as high","status":"passed","title":"classifies level 11 as high","duration":0.3123520000000042,"failureMessages":[],"meta":{}},{"ancestorTitles":["AgentDetail alert level classification"],"fullName":"AgentDetail alert level classification classifies level 7 as high","status":"passed","title":"classifies level 7 as high","duration":0.17750300000000152,"failureMessages":[],"meta":{}},{"ancestorTitles":["AgentDetail alert level classification"],"fullName":"AgentDetail alert level classification classifies level 6 as medium","status":"passed","title":"classifies level 6 as medium","duration":0.15102999999999156,"failureMessages":[],"meta":{}},{"ancestorTitles":["AgentDetail alert level classification"],"fullName":"AgentDetail alert level classification classifies level 4 as medium","status":"passed","title":"classifies level 4 as medium","duration":0.13592800000000693,"failureMessages":[],"meta":{}},{"ancestorTitles":["AgentDetail alert level classification"],"fullName":"AgentDetail alert level classification classifies level 3 as low","status":"passed","title":"classifies level 3 as low","duration":0.13847499999999968,"failureMessages":[],"meta":{}},{"ancestorTitles":["AgentDetail alert level classification"],"fullName":"AgentDetail alert level classification classifies level 0 as low","status":"passed","title":"classifies level 0 as low","duration":0.15306900000001633,"failureMessages":[],"meta":{}},{"ancestorTitles":["AgentDetail SCA compliance percentage"],"fullName":"AgentDetail SCA compliance percentage calculates 100% when all pass","status":"passed","title":"calculates 100% when all pass","duration":0.17032100000000128,"failureMessages":[],"meta":{}},{"ancestorTitles":["AgentDetail SCA compliance percentage"],"fullName":"AgentDetail SCA compliance percentage calculates 0% when all fail","status":"passed","title":"calculates 0% when all fail","duration":0.13165100000000507,"failureMessages":[],"meta":{}},{"ancestorTitles":["AgentDetail SCA compliance percentage"],"fullName":"AgentDetail SCA compliance percentage handles mixed results correctly","status":"passed","title":"handles mixed results correctly","duration":0.13815700000000675,"failureMessages":[],"meta":{}},{"ancestorTitles":["AgentDetail SCA compliance percentage"],"fullName":"AgentDetail SCA compliance percentage returns 0 when total is 0","status":"passed","title":"returns 0 when total is 0","duration":0.12359699999998952,"failureMessages":[],"meta":{}},{"ancestorTitles":["AgentDetail SCA compliance percentage"],"fullName":"AgentDetail SCA compliance percentage rounds to nearest integer","status":"passed","title":"rounds to nearest integer","duration":0.19898200000000088,"failureMessages":[],"meta":{}},{"ancestorTitles":["AgentDetail vulnerability severity counting"],"fullName":"AgentDetail vulnerability severity counting counts vulnerabilities by severity","status":"passed","title":"counts vulnerabilities by severity","duration":0.29874399999999923,"failureMessages":[],"meta":{}},{"ancestorTitles":["AgentDetail vulnerability severity counting"],"fullName":"AgentDetail vulnerability severity counting returns all zeros for empty array","status":"passed","title":"returns all zeros for empty array","duration":0.21691000000001281,"failureMessages":[],"meta":{}},{"ancestorTitles":["AgentDetail vulnerability severity counting"],"fullName":"AgentDetail vulnerability severity counting ignores unknown severity levels","status":"passed","title":"ignores unknown severity levels","duration":0.20620800000000372,"failureMessages":[],"meta":{}},{"ancestorTitles":["AgentDetail pagination"],"fullName":"AgentDetail pagination calculates total pages correctly","status":"passed","title":"calculates total pages correctly","duration":0.2223199999999963,"failureMessages":[],"meta":{}},{"ancestorTitles":["AgentDetail pagination"],"fullName":"AgentDetail pagination minimum is always 1 page","status":"passed","title":"minimum is always 1 page","duration":0.13966899999999782,"failureMessages":[],"meta":{}},{"ancestorTitles":["AgentDetail pagination"],"fullName":"AgentDetail pagination offset calculation is correct","status":"passed","title":"offset calculation is correct","duration":0.18351899999998977,"failureMessages":[],"meta":{}},{"ancestorTitles":["AgentDetail route"],"fullName":"AgentDetail route route pattern matches fleet/:agentId format","status":"passed","title":"route pattern matches fleet/:agentId format","duration":0.17509699999999384,"failureMessages":[],"meta":{}},{"ancestorTitles":["AgentDetail route"],"fullName":"AgentDetail route agent IDs can be extracted from route params","status":"passed","title":"agent IDs can be extracted from route params","duration":0.15820099999999115,"failureMessages":[],"meta":{}},{"ancestorTitles":["AgentDetail route"],"fullName":"AgentDetail route handles missing agentId gracefully","status":"passed","title":"handles missing agentId gracefully","duration":0.1346810000000005,"failureMessages":[],"meta":{}},{"ancestorTitles":["AgentDetail data extraction"],"fullName":"AgentDetail data extraction safely extracts affected_items from Wazuh response","status":"passed","title":"safely extracts affected_items from Wazuh response","duration":0.33569199999999455,"failureMessages":[],"meta":{}},{"ancestorTitles":["AgentDetail data extraction"],"fullName":"AgentDetail data extraction returns empty array when response is null","status":"passed","title":"returns empty array when response is null","duration":0.2459570000000042,"failureMessages":[],"meta":{}},{"ancestorTitles":["AgentDetail data extraction"],"fullName":"AgentDetail data extraction returns empty array when data is missing","status":"passed","title":"returns empty array when data is missing","duration":0.27535100000000057,"failureMessages":[],"meta":{}},{"ancestorTitles":["AgentDetail data extraction"],"fullName":"AgentDetail data extraction extracts agent status correctly","status":"passed","title":"extracts agent status correctly","duration":0.1556229999999914,"failureMessages":[],"meta":{}},{"ancestorTitles":["AgentDetail data extraction"],"fullName":"AgentDetail data extraction falls back to 'unknown' for missing status","status":"passed","title":"falls back to 'unknown' for missing status","duration":0.14212999999998033,"failureMessages":[],"meta":{}},{"ancestorTitles":["AgentDetail data extraction"],"fullName":"AgentDetail data extraction extracts OS info from nested object","status":"passed","title":"extracts OS info from nested object","duration":0.18366799999998307,"failureMessages":[],"meta":{}},{"ancestorTitles":["AgentDetail data extraction"],"fullName":"AgentDetail data extraction handles RAM conversion to GB","status":"passed","title":"handles RAM conversion to GB","duration":0.15338400000001684,"failureMessages":[],"meta":{}},{"ancestorTitles":["AgentDetail syscollector sub-tabs"],"fullName":"AgentDetail syscollector sub-tabs has exactly 4 sub-tabs","status":"passed","title":"has exactly 4 sub-tabs","duration":0.28157200000001126,"failureMessages":[],"meta":{}},{"ancestorTitles":["AgentDetail syscollector sub-tabs"],"fullName":"AgentDetail syscollector sub-tabs packages is the default sub-tab","status":"passed","title":"packages is the default sub-tab","duration":0.15797000000000594,"failureMessages":[],"meta":{}},{"ancestorTitles":["AgentDetail syscollector sub-tabs"],"fullName":"AgentDetail syscollector sub-tabs network sub-tab disables pagination","status":"passed","title":"network sub-tab disables pagination","duration":0.13537500000001046,"failureMessages":[],"meta":{}}],"startTime":1772709804588,"endTime":1772709804603.158,"status":"passed","message":"","name":"/home/ubuntu/dang/server/agentDetail.test.ts"},{"assertionResults":[{"ancestorTitles":["Related Investigations — evidence matching"],"fullName":"Related Investigations — evidence matching matches by evidence data.agentId","status":"passed","title":"matches by evidence data.agentId","duration":1.5353929999999991,"failureMessages":[],"meta":{}},{"ancestorTitles":["Related Investigations — evidence matching"],"fullName":"Related Investigations — evidence matching matches by evidence data.agent_id (underscore variant)","status":"passed","title":"matches by evidence data.agent_id (underscore variant)","duration":0.32104000000003907,"failureMessages":[],"meta":{}},{"ancestorTitles":["Related Investigations — evidence matching"],"fullName":"Related Investigations — evidence matching matches by evidence data.id","status":"passed","title":"matches by evidence data.id","duration":0.23087800000001835,"failureMessages":[],"meta":{}},{"ancestorTitles":["Related Investigations — evidence matching"],"fullName":"Related Investigations — evidence matching matches by evidence label containing Agent ID","status":"passed","title":"matches by evidence label containing Agent ID","duration":0.22421800000000758,"failureMessages":[],"meta":{}},{"ancestorTitles":["Related Investigations — evidence matching"],"fullName":"Related Investigations — evidence matching matches by evidence label with lowercase agent","status":"passed","title":"matches by evidence label with lowercase agent","duration":0.1872809999999845,"failureMessages":[],"meta":{}},{"ancestorTitles":["Related Investigations — evidence matching"],"fullName":"Related Investigations — evidence matching matches by session title","status":"passed","title":"matches by session title","duration":0.28359199999999873,"failureMessages":[],"meta":{}},{"ancestorTitles":["Related Investigations — evidence matching"],"fullName":"Related Investigations — evidence matching matches by session description","status":"passed","title":"matches by session description","duration":0.21245199999998476,"failureMessages":[],"meta":{}},{"ancestorTitles":["Related Investigations — evidence matching"],"fullName":"Related Investigations — evidence matching returns false for no match","status":"passed","title":"returns false for no match","duration":0.24695100000002412,"failureMessages":[],"meta":{}},{"ancestorTitles":["Related Investigations — evidence matching"],"fullName":"Related Investigations — evidence matching handles null/undefined evidence gracefully","status":"passed","title":"handles null/undefined evidence gracefully","duration":0.3980329999999981,"failureMessages":[],"meta":{}},{"ancestorTitles":["Related Investigations — evidence matching"],"fullName":"Related Investigations — evidence matching handles empty evidence array","status":"passed","title":"handles empty evidence array","duration":0.2598750000000223,"failureMessages":[],"meta":{}},{"ancestorTitles":["Related Investigations — status colors"],"fullName":"Related Investigations — status colors has colors for all three statuses","status":"passed","title":"has colors for all three statuses","duration":0.6879789999999844,"failureMessages":[],"meta":{}},{"ancestorTitles":["Related Investigations — status colors"],"fullName":"Related Investigations — status colors each status has bg, text, and border classes","status":"passed","title":"each status has bg, text, and border classes","duration":0.45539999999999736,"failureMessages":[],"meta":{}},{"ancestorTitles":["Activity Timeline — tab configuration"],"fullName":"Activity Timeline — tab configuration has exactly 6 tabs (including timeline)","status":"passed","title":"has exactly 6 tabs (including timeline)","duration":0.9175919999999564,"failureMessages":[],"meta":{}},{"ancestorTitles":["Activity Timeline — tab configuration"],"fullName":"Activity Timeline — tab configuration timeline is the last tab","status":"passed","title":"timeline is the last tab","duration":0.16741100000001552,"failureMessages":[],"meta":{}},{"ancestorTitles":["Activity Timeline — tab configuration"],"fullName":"Activity Timeline — tab configuration all tab IDs are unique","status":"passed","title":"all tab IDs are unique","duration":0.14395300000001043,"failureMessages":[],"meta":{}},{"ancestorTitles":["Activity Timeline — source configuration"],"fullName":"Activity Timeline — source configuration has exactly 3 source types","status":"passed","title":"has exactly 3 source types","duration":0.25988499999999704,"failureMessages":[],"meta":{}},{"ancestorTitles":["Activity Timeline — source configuration"],"fullName":"Activity Timeline — source configuration all sources have OKLCH colors","status":"passed","title":"all sources have OKLCH colors","duration":0.33486600000003364,"failureMessages":[],"meta":{}},{"ancestorTitles":["Activity Timeline — source configuration"],"fullName":"Activity Timeline — source configuration all sources have labels","status":"passed","title":"all sources have labels","duration":0.31098099999996975,"failureMessages":[],"meta":{}},{"ancestorTitles":["Activity Timeline — source configuration"],"fullName":"Activity Timeline — source configuration alert uses purple (293 hue)","status":"passed","title":"alert uses purple (293 hue)","duration":0.22935900000004494,"failureMessages":[],"meta":{}},{"ancestorTitles":["Activity Timeline — source configuration"],"fullName":"Activity Timeline — source configuration fim uses cyan (211 hue)","status":"passed","title":"fim uses cyan (211 hue)","duration":0.15037300000000187,"failureMessages":[],"meta":{}},{"ancestorTitles":["Activity Timeline — source configuration"],"fullName":"Activity Timeline — source configuration vulnerability uses orange (47 hue)","status":"passed","title":"vulnerability uses orange (47 hue)","duration":0.13658900000001495,"failureMessages":[],"meta":{}},{"ancestorTitles":["Activity Timeline — event transformation"],"fullName":"Activity Timeline — event transformation maps level 15 to critical","status":"passed","title":"maps level 15 to critical","duration":0.2090189999999552,"failureMessages":[],"meta":{}},{"ancestorTitles":["Activity Timeline — event transformation"],"fullName":"Activity Timeline — event transformation maps level 12 to critical","status":"passed","title":"maps level 12 to critical","duration":0.14985799999999472,"failureMessages":[],"meta":{}},{"ancestorTitles":["Activity Timeline — event transformation"],"fullName":"Activity Timeline — event transformation maps level 7 to high","status":"passed","title":"maps level 7 to high","duration":0.159466000000009,"failureMessages":[],"meta":{}},{"ancestorTitles":["Activity Timeline — event transformation"],"fullName":"Activity Timeline — event transformation maps level 11 to high","status":"passed","title":"maps level 11 to high","duration":0.1434709999999768,"failureMessages":[],"meta":{}},{"ancestorTitles":["Activity Timeline — event transformation"],"fullName":"Activity Timeline — event transformation maps level 4 to medium","status":"passed","title":"maps level 4 to medium","duration":0.13680799999997362,"failureMessages":[],"meta":{}},{"ancestorTitles":["Activity Timeline — event transformation"],"fullName":"Activity Timeline — event transformation maps level 3 to low","status":"passed","title":"maps level 3 to low","duration":0.13671599999997852,"failureMessages":[],"meta":{}},{"ancestorTitles":["Activity Timeline — event transformation"],"fullName":"Activity Timeline — event transformation maps level 0 to low","status":"passed","title":"maps level 0 to low","duration":0.1334590000000162,"failureMessages":[],"meta":{}},{"ancestorTitles":["Activity Timeline — event transformation"],"fullName":"Activity Timeline — event transformation uses rule.description as title","status":"passed","title":"uses rule.description as title","duration":0.13752000000005182,"failureMessages":[],"meta":{}},{"ancestorTitles":["Activity Timeline — event transformation"],"fullName":"Activity Timeline — event transformation falls back to 'Alert' when no description","status":"passed","title":"falls back to 'Alert' when no description","duration":0.13582600000000866,"failureMessages":[],"meta":{}},{"ancestorTitles":["Activity Timeline — event transformation"],"fullName":"Activity Timeline — event transformation handles missing _source gracefully","status":"passed","title":"handles missing _source gracefully","duration":0.14165300000001935,"failureMessages":[],"meta":{}},{"ancestorTitles":["Activity Timeline — event sorting"],"fullName":"Activity Timeline — event sorting sorts events in descending order (newest first)","status":"passed","title":"sorts events in descending order (newest first)","duration":0.2808120000000258,"failureMessages":[],"meta":{}},{"ancestorTitles":["Activity Timeline — event sorting"],"fullName":"Activity Timeline — event sorting handles empty timestamps","status":"passed","title":"handles empty timestamps","duration":0.16021200000000135,"failureMessages":[],"meta":{}},{"ancestorTitles":["Activity Timeline — event sorting"],"fullName":"Activity Timeline — event sorting handles empty array","status":"passed","title":"handles empty array","duration":0.16562099999998736,"failureMessages":[],"meta":{}},{"ancestorTitles":["Activity Timeline — source filtering"],"fullName":"Activity Timeline — source filtering 'all' returns all events","status":"passed","title":"'all' returns all events","duration":0.24803300000002082,"failureMessages":[],"meta":{}},{"ancestorTitles":["Activity Timeline — source filtering"],"fullName":"Activity Timeline — source filtering 'alert' filters to alert events only","status":"passed","title":"'alert' filters to alert events only","duration":0.23489699999998948,"failureMessages":[],"meta":{}},{"ancestorTitles":["Activity Timeline — source filtering"],"fullName":"Activity Timeline — source filtering 'fim' filters to FIM events only","status":"passed","title":"'fim' filters to FIM events only","duration":0.3487089999999853,"failureMessages":[],"meta":{}},{"ancestorTitles":["Activity Timeline — source filtering"],"fullName":"Activity Timeline — source filtering 'vulnerability' filters to vulnerability events only","status":"passed","title":"'vulnerability' filters to vulnerability events only","duration":2.4792149999999538,"failureMessages":[],"meta":{}},{"ancestorTitles":["Agent Comparison — severity colors"],"fullName":"Agent Comparison — severity colors has 4 severity levels","status":"passed","title":"has 4 severity levels","duration":0.19961799999998675,"failureMessages":[],"meta":{}},{"ancestorTitles":["Agent Comparison — severity colors"],"fullName":"Agent Comparison — severity colors all colors use OKLCH format","status":"passed","title":"all colors use OKLCH format","duration":0.23446100000001024,"failureMessages":[],"meta":{}},{"ancestorTitles":["Agent Comparison — severity colors"],"fullName":"Agent Comparison — severity colors Critical has the lowest lightness (darkest/most alarming)","status":"passed","title":"Critical has the lowest lightness (darkest/most alarming)","duration":0.24812700000001087,"failureMessages":[],"meta":{}},{"ancestorTitles":["Agent Comparison — agent colors"],"fullName":"Agent Comparison — agent colors has exactly 3 agent colors (max 3 agents)","status":"passed","title":"has exactly 3 agent colors (max 3 agents)","duration":0.1956220000000144,"failureMessages":[],"meta":{}},{"ancestorTitles":["Agent Comparison — agent colors"],"fullName":"Agent Comparison — agent colors all colors are distinct","status":"passed","title":"all colors are distinct","duration":0.12470000000001846,"failureMessages":[],"meta":{}},{"ancestorTitles":["Agent Comparison — agent colors"],"fullName":"Agent Comparison — agent colors first agent is purple (293 hue)","status":"passed","title":"first agent is purple (293 hue)","duration":0.1436069999999745,"failureMessages":[],"meta":{}},{"ancestorTitles":["Agent Comparison — agent colors"],"fullName":"Agent Comparison — agent colors second agent is cyan (211 hue)","status":"passed","title":"second agent is cyan (211 hue)","duration":0.11138199999999188,"failureMessages":[],"meta":{}},{"ancestorTitles":["Agent Comparison — agent colors"],"fullName":"Agent Comparison — agent colors third agent is orange (47 hue)","status":"passed","title":"third agent is orange (47 hue)","duration":0.1057819999999765,"failureMessages":[],"meta":{}},{"ancestorTitles":["Agent Comparison — alert level classification"],"fullName":"Agent Comparison — alert level classification classifies levels 12-15 as critical","status":"passed","title":"classifies levels 12-15 as critical","duration":0.17613799999998037,"failureMessages":[],"meta":{}},{"ancestorTitles":["Agent Comparison — alert level classification"],"fullName":"Agent Comparison — alert level classification classifies levels 7-11 as high","status":"passed","title":"classifies levels 7-11 as high","duration":0.13168000000001712,"failureMessages":[],"meta":{}},{"ancestorTitles":["Agent Comparison — alert level classification"],"fullName":"Agent Comparison — alert level classification classifies levels 4-6 as medium","status":"passed","title":"classifies levels 4-6 as medium","duration":0.13690900000000283,"failureMessages":[],"meta":{}},{"ancestorTitles":["Agent Comparison — alert level classification"],"fullName":"Agent Comparison — alert level classification classifies levels 0-3 as low","status":"passed","title":"classifies levels 0-3 as low","duration":0.1301899999999705,"failureMessages":[],"meta":{}},{"ancestorTitles":["Agent Comparison — compliance score calculation"],"fullName":"Agent Comparison — compliance score calculation returns 0% for empty policies","status":"passed","title":"returns 0% for empty policies","duration":0.1755019999999945,"failureMessages":[],"meta":{}},{"ancestorTitles":["Agent Comparison — compliance score calculation"],"fullName":"Agent Comparison — compliance score calculation returns 100% for all pass","status":"passed","title":"returns 100% for all pass","duration":0.15772299999997585,"failureMessages":[],"meta":{}},{"ancestorTitles":["Agent Comparison — compliance score calculation"],"fullName":"Agent Comparison — compliance score calculation returns 0% for all fail","status":"passed","title":"returns 0% for all fail","duration":0.12919099999999162,"failureMessages":[],"meta":{}},{"ancestorTitles":["Agent Comparison — compliance score calculation"],"fullName":"Agent Comparison — compliance score calculation calculates correct percentage for mixed results","status":"passed","title":"calculates correct percentage for mixed results","duration":0.11627099999998336,"failureMessages":[],"meta":{}},{"ancestorTitles":["Agent Comparison — compliance score calculation"],"fullName":"Agent Comparison — compliance score calculation aggregates across multiple policies","status":"passed","title":"aggregates across multiple policies","duration":0.1658369999999536,"failureMessages":[],"meta":{}},{"ancestorTitles":["Agent Comparison — compliance score calculation"],"fullName":"Agent Comparison — compliance score calculation handles zero total gracefully","status":"passed","title":"handles zero total gracefully","duration":0.11703699999998207,"failureMessages":[],"meta":{}},{"ancestorTitles":["Agent Comparison — diff indicator logic"],"fullName":"Agent Comparison — diff indicator logic returns equal when values match","status":"passed","title":"returns equal when values match","duration":0.13843400000001793,"failureMessages":[],"meta":{}},{"ancestorTitles":["Agent Comparison — diff indicator logic"],"fullName":"Agent Comparison — diff indicator logic returns up when value > baseline (default)","status":"passed","title":"returns up when value > baseline (default)","duration":0.11861099999998714,"failureMessages":[],"meta":{}},{"ancestorTitles":["Agent Comparison — diff indicator logic"],"fullName":"Agent Comparison — diff indicator logic returns down when value < baseline (default)","status":"passed","title":"returns down when value < baseline (default)","duration":0.11055899999996655,"failureMessages":[],"meta":{}},{"ancestorTitles":["Agent Comparison — diff indicator logic"],"fullName":"Agent Comparison — diff indicator logic returns up when value < baseline (inverse=true, e.g., fewer alerts is better)","status":"passed","title":"returns up when value < baseline (inverse=true, e.g., fewer alerts is better)","duration":0.10625599999997348,"failureMessages":[],"meta":{}},{"ancestorTitles":["Agent Comparison — diff indicator logic"],"fullName":"Agent Comparison — diff indicator logic returns down when value > baseline (inverse=true)","status":"passed","title":"returns down when value > baseline (inverse=true)","duration":0.1049160000000029,"failureMessages":[],"meta":{}},{"ancestorTitles":["Agent Comparison — agent selector constraints"],"fullName":"Agent Comparison — agent selector constraints allows maximum 3 agents","status":"passed","title":"allows maximum 3 agents","duration":0.16192100000000664,"failureMessages":[],"meta":{}},{"ancestorTitles":["Agent Comparison — agent selector constraints"],"fullName":"Agent Comparison — agent selector constraints prevents duplicate agent selection","status":"passed","title":"prevents duplicate agent selection","duration":0.1288139999999771,"failureMessages":[],"meta":{}},{"ancestorTitles":["Agent Comparison — agent selector constraints"],"fullName":"Agent Comparison — agent selector constraints allows adding when under limit","status":"passed","title":"allows adding when under limit","duration":0.13897600000001376,"failureMessages":[],"meta":{}},{"ancestorTitles":["Agent Comparison — radar data structure"],"fullName":"Agent Comparison — radar data structure has exactly 5 radar metrics","status":"passed","title":"has exactly 5 radar metrics","duration":0.2883130000000165,"failureMessages":[],"meta":{}},{"ancestorTitles":["Agent Comparison — radar data structure"],"fullName":"Agent Comparison — radar data structure includes all expected dimensions","status":"passed","title":"includes all expected dimensions","duration":0.9100659999999721,"failureMessages":[],"meta":{}},{"ancestorTitles":["Route configuration for new features"],"fullName":"Route configuration for new features fleet-compare route exists","status":"passed","title":"fleet-compare route exists","duration":0.18111399999997957,"failureMessages":[],"meta":{}},{"ancestorTitles":["Route configuration for new features"],"fullName":"Route configuration for new features fleet detail route exists","status":"passed","title":"fleet detail route exists","duration":0.15021200000001045,"failureMessages":[],"meta":{}},{"ancestorTitles":["Route configuration for new features"],"fullName":"Route configuration for new features investigations route exists for pivot","status":"passed","title":"investigations route exists for pivot","duration":0.1403839999999832,"failureMessages":[],"meta":{}}],"startTime":1772709796653,"endTime":1772709796674.1501,"status":"passed","message":"","name":"/home/ubuntu/dang/server/agentDetailEnhancements.test.ts"},{"assertionResults":[{"ancestorTitles":["TriageObject schema contract"],"fullName":"TriageObject schema contract defines all required fields","status":"passed","title":"defines all required fields","duration":2.505979000000025,"failureMessages":[],"meta":{}},{"ancestorTitles":["TriageObject schema contract"],"fullName":"TriageObject schema contract schemaVersion must be '1.0'","status":"passed","title":"schemaVersion must be '1.0'","duration":0.42190800000003037,"failureMessages":[],"meta":{}},{"ancestorTitles":["TriageObject schema contract"],"fullName":"TriageObject schema contract severity enum has exactly 5 values","status":"passed","title":"severity enum has exactly 5 values","duration":0.3186719999999923,"failureMessages":[],"meta":{}},{"ancestorTitles":["TriageObject schema contract"],"fullName":"TriageObject schema contract severity values are ordered from most to least severe","status":"passed","title":"severity values are ordered from most to least severe","duration":0.23298899999997502,"failureMessages":[],"meta":{}},{"ancestorTitles":["TriageObject schema contract"],"fullName":"TriageObject schema contract route enum has exactly 4 values","status":"passed","title":"route enum has exactly 4 values","duration":0.2916379999999208,"failureMessages":[],"meta":{}},{"ancestorTitles":["TriageObject schema contract"],"fullName":"TriageObject schema contract routes are alphabetically prefixed for sorting","status":"passed","title":"routes are alphabetically prefixed for sorting","duration":0.7773109999999406,"failureMessages":[],"meta":{}},{"ancestorTitles":["TriageObject schema contract"],"fullName":"TriageObject schema contract entity types cover all Wazuh observable categories","status":"passed","title":"entity types cover all Wazuh observable categories","duration":0.9600179999999909,"failureMessages":[],"meta":{}},{"ancestorTitles":["TriageObject schema contract"],"fullName":"TriageObject schema contract entity types has 12 categories","status":"passed","title":"entity types has 12 categories","duration":0.2902430000000322,"failureMessages":[],"meta":{}},{"ancestorTitles":["CorrelationBundle schema contract"],"fullName":"CorrelationBundle schema contract defines all required fields","status":"passed","title":"defines all required fields","duration":0.37977300000000014,"failureMessages":[],"meta":{}},{"ancestorTitles":["CorrelationBundle schema contract"],"fullName":"CorrelationBundle schema contract correlationId follows naming convention","status":"passed","title":"correlationId follows naming convention","duration":0.3150910000000522,"failureMessages":[],"meta":{}},{"ancestorTitles":["CorrelationBundle schema contract"],"fullName":"CorrelationBundle schema contract riskScore is bounded 0-100","status":"passed","title":"riskScore is bounded 0-100","duration":0.24297200000000885,"failureMessages":[],"meta":{}},{"ancestorTitles":["LivingCaseObject schema contract"],"fullName":"LivingCaseObject schema contract case status enum has 6 values","status":"passed","title":"case status enum has 6 values","duration":0.29365999999993164,"failureMessages":[],"meta":{}},{"ancestorTitles":["LivingCaseObject schema contract"],"fullName":"LivingCaseObject schema contract open is the default initial status","status":"passed","title":"open is the default initial status","duration":0.1666730000000598,"failureMessages":[],"meta":{}},{"ancestorTitles":["LivingCaseObject schema contract"],"fullName":"LivingCaseObject schema contract verdict enum has 4 values","status":"passed","title":"verdict enum has 4 values","duration":0.2296800000000303,"failureMessages":[],"meta":{}},{"ancestorTitles":["Triage severity validation"],"fullName":"Triage severity validation accepts valid severities","status":"passed","title":"accepts valid severities","duration":0.29274900000007165,"failureMessages":[],"meta":{}},{"ancestorTitles":["Triage severity validation"],"fullName":"Triage severity validation defaults to 'info' for invalid input","status":"passed","title":"defaults to 'info' for invalid input","duration":0.2455600000000686,"failureMessages":[],"meta":{}},{"ancestorTitles":["Triage route validation"],"fullName":"Triage route validation accepts valid routes","status":"passed","title":"accepts valid routes","duration":0.2579159999999092,"failureMessages":[],"meta":{}},{"ancestorTitles":["Triage route validation"],"fullName":"Triage route validation defaults to B_LOW_CONFIDENCE for invalid input","status":"passed","title":"defaults to B_LOW_CONFIDENCE for invalid input","duration":0.19405700000004344,"failureMessages":[],"meta":{}},{"ancestorTitles":["Confidence clamping"],"fullName":"Confidence clamping clamps values to 0-1 range","status":"passed","title":"clamps values to 0-1 range","duration":0.2676739999999427,"failureMessages":[],"meta":{}},{"ancestorTitles":["Confidence clamping"],"fullName":"Confidence clamping returns 0 for non-numeric input","status":"passed","title":"returns 0 for non-numeric input","duration":0.22307100000000446,"failureMessages":[],"meta":{}},{"ancestorTitles":["Confidence clamping"],"fullName":"Confidence clamping handles string numbers","status":"passed","title":"handles string numbers","duration":0.17348900000001777,"failureMessages":[],"meta":{}},{"ancestorTitles":["Alert field extraction"],"fullName":"Alert field extraction extracts alert ID","status":"passed","title":"extracts alert ID","duration":0.16047200000002704,"failureMessages":[],"meta":{}},{"ancestorTitles":["Alert field extraction"],"fullName":"Alert field extraction extracts rule ID","status":"passed","title":"extracts rule ID","duration":0.13777999999990698,"failureMessages":[],"meta":{}},{"ancestorTitles":["Alert field extraction"],"fullName":"Alert field extraction extracts rule description","status":"passed","title":"extracts rule description","duration":0.13676699999996345,"failureMessages":[],"meta":{}},{"ancestorTitles":["Alert field extraction"],"fullName":"Alert field extraction extracts rule level","status":"passed","title":"extracts rule level","duration":0.1435430000000224,"failureMessages":[],"meta":{}},{"ancestorTitles":["Alert field extraction"],"fullName":"Alert field extraction extracts timestamp","status":"passed","title":"extracts timestamp","duration":0.18277599999998984,"failureMessages":[],"meta":{}},{"ancestorTitles":["Alert field extraction"],"fullName":"Alert field extraction extracts agent info","status":"passed","title":"extracts agent info","duration":0.19550299999991694,"failureMessages":[],"meta":{}},{"ancestorTitles":["Alert field extraction"],"fullName":"Alert field extraction extracts agent OS","status":"passed","title":"extracts agent OS","duration":0.2376400000000558,"failureMessages":[],"meta":{}},{"ancestorTitles":["Alert field extraction"],"fullName":"Alert field extraction extracts agent groups","status":"passed","title":"extracts agent groups","duration":0.4060379999999668,"failureMessages":[],"meta":{}},{"ancestorTitles":["Alert field extraction"],"fullName":"Alert field extraction extracts source IP from data","status":"passed","title":"extracts source IP from data","duration":0.21569900000008602,"failureMessages":[],"meta":{}},{"ancestorTitles":["Alert field extraction"],"fullName":"Alert field extraction extracts destination user from data","status":"passed","title":"extracts destination user from data","duration":0.2238200000000461,"failureMessages":[],"meta":{}},{"ancestorTitles":["Alert field extraction"],"fullName":"Alert field extraction extracts FIM file path","status":"passed","title":"extracts FIM file path","duration":2.265798000000018,"failureMessages":[],"meta":{}},{"ancestorTitles":["Alert field extraction"],"fullName":"Alert field extraction extracts FIM hashes","status":"passed","title":"extracts FIM hashes","duration":0.19202499999994416,"failureMessages":[],"meta":{}},{"ancestorTitles":["Alert field extraction"],"fullName":"Alert field extraction extracts MITRE ATT&CK mapping from rule","status":"passed","title":"extracts MITRE ATT&CK mapping from rule","duration":0.3629510000000664,"failureMessages":[],"meta":{}},{"ancestorTitles":["Wazuh entity extraction"],"fullName":"Wazuh entity extraction extracts all entities from a full alert","status":"passed","title":"extracts all entities from a full alert","duration":0.33817899999996825,"failureMessages":[],"meta":{}},{"ancestorTitles":["Wazuh entity extraction"],"fullName":"Wazuh entity extraction all entities have confidence 1.0 (Wazuh-native)","status":"passed","title":"all entities have confidence 1.0 (Wazuh-native)","duration":0.30529199999989487,"failureMessages":[],"meta":{}},{"ancestorTitles":["Wazuh entity extraction"],"fullName":"Wazuh entity extraction all entities have source 'wazuh_alert'","status":"passed","title":"all entities have source 'wazuh_alert'","duration":0.2818089999999529,"failureMessages":[],"meta":{}},{"ancestorTitles":["Wazuh entity extraction"],"fullName":"Wazuh entity extraction handles missing fields gracefully","status":"passed","title":"handles missing fields gracefully","duration":0.20309900000006564,"failureMessages":[],"meta":{}},{"ancestorTitles":["Wazuh entity extraction"],"fullName":"Wazuh entity extraction handles partial alert","status":"passed","title":"handles partial alert","duration":0.3269149999999854,"failureMessages":[],"meta":{}},{"ancestorTitles":["MITRE ATT&CK extraction from Wazuh alerts"],"fullName":"MITRE ATT&CK extraction from Wazuh alerts extracts MITRE mappings from rule.mitre","status":"passed","title":"extracts MITRE mappings from rule.mitre","duration":0.36685099999999693,"failureMessages":[],"meta":{}},{"ancestorTitles":["MITRE ATT&CK extraction from Wazuh alerts"],"fullName":"MITRE ATT&CK extraction from Wazuh alerts returns empty array when no MITRE data","status":"passed","title":"returns empty array when no MITRE data","duration":0.9206540000000132,"failureMessages":[],"meta":{}},{"ancestorTitles":["MITRE ATT&CK extraction from Wazuh alerts"],"fullName":"MITRE ATT&CK extraction from Wazuh alerts handles mismatched array lengths","status":"passed","title":"handles mismatched array lengths","duration":0.33895400000005793,"failureMessages":[],"meta":{}},{"ancestorTitles":["Pipeline router input schemas","triageAlert input"],"fullName":"Pipeline router input schemas triageAlert input requires rawAlert as a record","status":"passed","title":"requires rawAlert as a record","duration":0.2566620000000057,"failureMessages":[],"meta":{}},{"ancestorTitles":["Pipeline router input schemas","triageAlert input"],"fullName":"Pipeline router input schemas triageAlert input alertQueueItemId is optional","status":"passed","title":"alertQueueItemId is optional","duration":0.24018100000000686,"failureMessages":[],"meta":{}},{"ancestorTitles":["Pipeline router input schemas","listTriages input"],"fullName":"Pipeline router input schemas listTriages input has sensible defaults","status":"passed","title":"has sensible defaults","duration":0.30349100000000817,"failureMessages":[],"meta":{}},{"ancestorTitles":["Pipeline router input schemas","listTriages input"],"fullName":"Pipeline router input schemas listTriages input limit is bounded 1-200","status":"passed","title":"limit is bounded 1-200","duration":0.33793500000001586,"failureMessages":[],"meta":{}},{"ancestorTitles":["Pipeline router input schemas","listTriages input"],"fullName":"Pipeline router input schemas listTriages input accepts severity filter","status":"passed","title":"accepts severity filter","duration":0.6036139999999932,"failureMessages":[],"meta":{}},{"ancestorTitles":["Pipeline router input schemas","listTriages input"],"fullName":"Pipeline router input schemas listTriages input accepts route filter","status":"passed","title":"accepts route filter","duration":0.6000099999999975,"failureMessages":[],"meta":{}},{"ancestorTitles":["Pipeline router input schemas","listTriages input"],"fullName":"Pipeline router input schemas listTriages input accepts status filter","status":"passed","title":"accepts status filter","duration":0.4979510000000573,"failureMessages":[],"meta":{}},{"ancestorTitles":["Triage result card rendering logic"],"fullName":"Triage result card rendering logic maps all severity levels to colors","status":"passed","title":"maps all severity levels to colors","duration":0.7684970000000249,"failureMessages":[],"meta":{}},{"ancestorTitles":["Triage result card rendering logic"],"fullName":"Triage result card rendering logic maps all routes to labels","status":"passed","title":"maps all routes to labels","duration":0.48960699999997814,"failureMessages":[],"meta":{}},{"ancestorTitles":["Triage result card rendering logic"],"fullName":"Triage result card rendering logic has icon mappings for all entity types","status":"passed","title":"has icon mappings for all entity types","duration":0.20461099999999988,"failureMessages":[],"meta":{}},{"ancestorTitles":["Triage ID generation"],"fullName":"Triage ID generation follows triage-{uuid} pattern","status":"passed","title":"follows triage-{uuid} pattern","duration":2.4692549999999756,"failureMessages":[],"meta":{}},{"ancestorTitles":["Triage ID generation"],"fullName":"Triage ID generation generates unique IDs","status":"passed","title":"generates unique IDs","duration":0.5098600000000033,"failureMessages":[],"meta":{}},{"ancestorTitles":["Pipeline stage contracts"],"fullName":"Pipeline stage contracts Stage 1 (Triage) outputs a TriageObject","status":"passed","title":"Stage 1 (Triage) outputs a TriageObject","duration":0.23271199999999226,"failureMessages":[],"meta":{}},{"ancestorTitles":["Pipeline stage contracts"],"fullName":"Pipeline stage contracts Stage 2 (Correlation) consumes a triageId and outputs a CorrelationBundle","status":"passed","title":"Stage 2 (Correlation) consumes a triageId and outputs a CorrelationBundle","duration":0.21390400000007048,"failureMessages":[],"meta":{}},{"ancestorTitles":["Pipeline stage contracts"],"fullName":"Pipeline stage contracts Stage 3 (Hypothesis) consumes a CorrelationBundle and updates a LivingCaseObject","status":"passed","title":"Stage 3 (Hypothesis) consumes a CorrelationBundle and updates a LivingCaseObject","duration":0.17982500000005075,"failureMessages":[],"meta":{}},{"ancestorTitles":["Pipeline stage contracts"],"fullName":"Pipeline stage contracts pipeline stages are ordered: triage → correlation → hypothesis → case","status":"passed","title":"pipeline stages are ordered: triage → correlation → hypothesis → case","duration":0.2551809999999932,"failureMessages":[],"meta":{}},{"ancestorTitles":["Triage objects table schema"],"fullName":"Triage objects table schema has all required columns","status":"passed","title":"has all required columns","duration":0.3487370000000283,"failureMessages":[],"meta":{}},{"ancestorTitles":["Triage objects table schema"],"fullName":"Triage objects table schema triageId is the lookup key","status":"passed","title":"triageId is the lookup key","duration":0.16472799999996823,"failureMessages":[],"meta":{}},{"ancestorTitles":["Triage objects table schema"],"fullName":"Triage objects table schema stores full triage object as JSON in triageData","status":"passed","title":"stores full triage object as JSON in triageData","duration":0.23545599999999922,"failureMessages":[],"meta":{}},{"ancestorTitles":["Triage objects table schema"],"fullName":"Triage objects table schema tracks processing status","status":"passed","title":"tracks processing status","duration":0.30672500000002856,"failureMessages":[],"meta":{}},{"ancestorTitles":["Triage objects table schema"],"fullName":"Triage objects table schema tracks latency and token usage for monitoring","status":"passed","title":"tracks latency and token usage for monitoring","duration":0.3412869999999657,"failureMessages":[],"meta":{}},{"ancestorTitles":["Correlation bundles table schema"],"fullName":"Correlation bundles table schema has all required columns","status":"passed","title":"has all required columns","duration":0.40121399999998175,"failureMessages":[],"meta":{}},{"ancestorTitles":["Correlation bundles table schema"],"fullName":"Correlation bundles table schema links back to the source triage","status":"passed","title":"links back to the source triage","duration":0.22650799999996707,"failureMessages":[],"meta":{}},{"ancestorTitles":["Fresh context per stage architecture"],"fullName":"Fresh context per stage architecture each stage gets its own system prompt","status":"passed","title":"each stage gets its own system prompt","duration":0.4515929999998889,"failureMessages":[],"meta":{}},{"ancestorTitles":["Fresh context per stage architecture"],"fullName":"Fresh context per stage architecture handoff between stages is via structured JSON, not conversation context","status":"passed","title":"handoff between stages is via structured JSON, not conversation context","duration":0.22964300000001003,"failureMessages":[],"meta":{}},{"ancestorTitles":["Fresh context per stage architecture"],"fullName":"Fresh context per stage architecture context budget is allocated per stage, not shared","status":"passed","title":"context budget is allocated per stage, not shared","duration":0.34555299999999534,"failureMessages":[],"meta":{}},{"ancestorTitles":["CorrelationBundle full schema contract"],"fullName":"CorrelationBundle full schema contract defines all 14 required sections","status":"passed","title":"defines all 14 required sections","duration":0.33992299999999886,"failureMessages":[],"meta":{}},{"ancestorTitles":["CorrelationBundle full schema contract"],"fullName":"CorrelationBundle full schema contract blastRadius contains host/user counts and agent IDs","status":"passed","title":"blastRadius contains host/user counts and agent IDs","duration":0.48358600000005936,"failureMessages":[],"meta":{}},{"ancestorTitles":["CorrelationBundle full schema contract"],"fullName":"CorrelationBundle full schema contract campaignAssessment flags coordinated attacks","status":"passed","title":"campaignAssessment flags coordinated attacks","duration":0.3668400000000247,"failureMessages":[],"meta":{}},{"ancestorTitles":["CorrelationBundle full schema contract"],"fullName":"CorrelationBundle full schema contract caseRecommendation has valid action types","status":"passed","title":"caseRecommendation has valid action types","duration":0.7418999999999869,"failureMessages":[],"meta":{}},{"ancestorTitles":["CorrelationBundle full schema contract"],"fullName":"CorrelationBundle full schema contract synthesis separates supporting and conflicting evidence","status":"passed","title":"synthesis separates supporting and conflicting evidence","duration":0.5029919999999493,"failureMessages":[],"meta":{}},{"ancestorTitles":["Analyst feedback input validation"],"fullName":"Analyst feedback input validation accepts confirm action with triageId only","status":"passed","title":"accepts confirm action with triageId only","duration":0.33207199999992554,"failureMessages":[],"meta":{}},{"ancestorTitles":["Analyst feedback input validation"],"fullName":"Analyst feedback input validation accepts override with severity change","status":"passed","title":"accepts override with severity change","duration":0.2268500000000131,"failureMessages":[],"meta":{}},{"ancestorTitles":["Analyst feedback input validation"],"fullName":"Analyst feedback input validation accepts override with route change","status":"passed","title":"accepts override with route change","duration":0.19146700000010242,"failureMessages":[],"meta":{}},{"ancestorTitles":["Analyst feedback input validation"],"fullName":"Analyst feedback input validation rejects notes longer than 4000 characters","status":"passed","title":"rejects notes longer than 4000 characters","duration":0.1546539999999368,"failureMessages":[],"meta":{}},{"ancestorTitles":["Analyst feedback input validation"],"fullName":"Analyst feedback input validation feedback includes analyst user ID and timestamp","status":"passed","title":"feedback includes analyst user ID and timestamp","duration":0.5980430000000752,"failureMessages":[],"meta":{}},{"ancestorTitles":["Auto-triage queue integration"],"fullName":"Auto-triage queue integration queue item has pipelineTriageId and autoTriageStatus fields","status":"passed","title":"queue item has pipelineTriageId and autoTriageStatus fields","duration":0.24866100000008373,"failureMessages":[],"meta":{}},{"ancestorTitles":["Auto-triage queue integration"],"fullName":"Auto-triage queue integration autoTriageStatus transitions: pending → running → completed","status":"passed","title":"autoTriageStatus transitions: pending → running → completed","duration":0.31153900000003887,"failureMessages":[],"meta":{}},{"ancestorTitles":["Auto-triage queue integration"],"fullName":"Auto-triage queue integration completed auto-triage links to triage object via pipelineTriageId","status":"passed","title":"completed auto-triage links to triage object via pipelineTriageId","duration":0.19091900000000805,"failureMessages":[],"meta":{}},{"ancestorTitles":["Auto-triage queue integration"],"fullName":"Auto-triage queue integration failed auto-triage preserves null pipelineTriageId","status":"passed","title":"failed auto-triage preserves null pipelineTriageId","duration":0.16127299999993738,"failureMessages":[],"meta":{}},{"ancestorTitles":["Auto-triage queue integration"],"fullName":"Auto-triage queue integration already-triaged items return early without re-running","status":"passed","title":"already-triaged items return early without re-running","duration":0.1563859999999977,"failureMessages":[],"meta":{}},{"ancestorTitles":["Correlation agent evidence retrieval"],"fullName":"Correlation agent evidence retrieval retrieves from 6 evidence sources","status":"passed","title":"retrieves from 6 evidence sources","duration":0.18424599999991642,"failureMessages":[],"meta":{}},{"ancestorTitles":["Correlation agent evidence retrieval"],"fullName":"Correlation agent evidence retrieval includes Wazuh alerts for entity correlation","status":"passed","title":"includes Wazuh alerts for entity correlation","duration":0.22525500000006105,"failureMessages":[],"meta":{}},{"ancestorTitles":["Correlation agent evidence retrieval"],"fullName":"Correlation agent evidence retrieval includes vulnerability context for affected hosts","status":"passed","title":"includes vulnerability context for affected hosts","duration":0.16203199999995377,"failureMessages":[],"meta":{}},{"ancestorTitles":["Correlation agent evidence retrieval"],"fullName":"Correlation agent evidence retrieval includes FIM for file change context","status":"passed","title":"includes FIM for file change context","duration":0.17638499999998203,"failureMessages":[],"meta":{}},{"ancestorTitles":["Correlation agent evidence retrieval"],"fullName":"Correlation agent evidence retrieval includes threat intelligence for IOC matching","status":"passed","title":"includes threat intelligence for IOC matching","duration":0.1564690000000155,"failureMessages":[],"meta":{}},{"ancestorTitles":["Correlation agent evidence retrieval"],"fullName":"Correlation agent evidence retrieval includes prior investigations for case merging","status":"passed","title":"includes prior investigations for case merging","duration":0.15702699999997094,"failureMessages":[],"meta":{}},{"ancestorTitles":["Correlation ID generation"],"fullName":"Correlation ID generation follows corr-{uuid} pattern","status":"passed","title":"follows corr-{uuid} pattern","duration":0.2267940000000408,"failureMessages":[],"meta":{}},{"ancestorTitles":["Correlation ID generation"],"fullName":"Correlation ID generation generates unique IDs","status":"passed","title":"generates unique IDs","duration":0.4546669999999722,"failureMessages":[],"meta":{}},{"ancestorTitles":["Pipeline router Step 2 endpoints"],"fullName":"Pipeline router Step 2 endpoints correlateFromTriage requires triageId input","status":"passed","title":"correlateFromTriage requires triageId input","duration":0.18524700000000394,"failureMessages":[],"meta":{}},{"ancestorTitles":["Pipeline router Step 2 endpoints"],"fullName":"Pipeline router Step 2 endpoints getCorrelationByTriageId returns found/not-found","status":"passed","title":"getCorrelationByTriageId returns found/not-found","duration":0.17415600000003906,"failureMessages":[],"meta":{}},{"ancestorTitles":["Pipeline router Step 2 endpoints"],"fullName":"Pipeline router Step 2 endpoints submitFeedback returns success with feedback details","status":"passed","title":"submitFeedback returns success with feedback details","duration":0.2021349999999984,"failureMessages":[],"meta":{}},{"ancestorTitles":["Pipeline router Step 2 endpoints"],"fullName":"Pipeline router Step 2 endpoints autoTriageQueueItem returns triageId on success","status":"passed","title":"autoTriageQueueItem returns triageId on success","duration":0.16296999999997297,"failureMessages":[],"meta":{}},{"ancestorTitles":["Pipeline router Step 2 endpoints"],"fullName":"Pipeline router Step 2 endpoints feedbackStats returns aggregated counts","status":"passed","title":"feedbackStats returns aggregated counts","duration":0.140233999999964,"failureMessages":[],"meta":{}},{"ancestorTitles":["Triage to Correlation handoff"],"fullName":"Triage to Correlation handoff correlation receives triageId, not raw alert","status":"passed","title":"correlation receives triageId, not raw alert","duration":0.15991300000007413,"failureMessages":[],"meta":{}},{"ancestorTitles":["Triage to Correlation handoff"],"fullName":"Triage to Correlation handoff correlation extracts entities from triage for evidence retrieval","status":"passed","title":"correlation extracts entities from triage for evidence retrieval","duration":0.2870309999999563,"failureMessages":[],"meta":{}},{"ancestorTitles":["Triage to Correlation handoff"],"fullName":"Triage to Correlation handoff correlation preserves source triage ID for provenance","status":"passed","title":"correlation preserves source triage ID for provenance","duration":0.20371899999997822,"failureMessages":[],"meta":{}},{"ancestorTitles":["LivingCaseObject schema contract"],"fullName":"LivingCaseObject schema contract defines all required fields for LivingCaseObject","status":"passed","title":"defines all required fields for LivingCaseObject","duration":1.2197850000000017,"failureMessages":[],"meta":{}},{"ancestorTitles":["LivingCaseObject schema contract"],"fullName":"LivingCaseObject schema contract schemaVersion must be '1.0'","status":"passed","title":"schemaVersion must be '1.0'","duration":0.1264089999999669,"failureMessages":[],"meta":{}},{"ancestorTitles":["LivingCaseObject schema contract"],"fullName":"LivingCaseObject schema contract working theory has required structure","status":"passed","title":"working theory has required structure","duration":0.23658199999999852,"failureMessages":[],"meta":{}},{"ancestorTitles":["LivingCaseObject schema contract"],"fullName":"LivingCaseObject schema contract alternate theories have required structure","status":"passed","title":"alternate theories have required structure","duration":0.21316999999999098,"failureMessages":[],"meta":{}},{"ancestorTitles":["Hypothesis Agent — working theory generation"],"fullName":"Hypothesis Agent — working theory generation produces a working theory from correlation bundle data","status":"passed","title":"produces a working theory from correlation bundle data","duration":0.2308739999999716,"failureMessages":[],"meta":{}},{"ancestorTitles":["Hypothesis Agent — working theory generation"],"fullName":"Hypothesis Agent — working theory generation confidence is bounded [0, 1]","status":"passed","title":"confidence is bounded [0, 1]","duration":0.3743580000000293,"failureMessages":[],"meta":{}},{"ancestorTitles":["Hypothesis Agent — working theory generation"],"fullName":"Hypothesis Agent — working theory generation generates alternate theories with whyLessLikely reasoning","status":"passed","title":"generates alternate theories with whyLessLikely reasoning","duration":0.2961970000000065,"failureMessages":[],"meta":{}},{"ancestorTitles":["Hypothesis Agent — investigative pivots"],"fullName":"Hypothesis Agent — investigative pivots priority enum has exactly 4 values","status":"passed","title":"priority enum has exactly 4 values","duration":0.20727599999997892,"failureMessages":[],"meta":{}},{"ancestorTitles":["Hypothesis Agent — investigative pivots"],"fullName":"Hypothesis Agent — investigative pivots effort enum has exactly 3 values","status":"passed","title":"effort enum has exactly 3 values","duration":0.24133199999994304,"failureMessages":[],"meta":{}},{"ancestorTitles":["Hypothesis Agent — investigative pivots"],"fullName":"Hypothesis Agent — investigative pivots pivot has required structure","status":"passed","title":"pivot has required structure","duration":0.4036120000000665,"failureMessages":[],"meta":{}},{"ancestorTitles":["Hypothesis Agent — investigative pivots"],"fullName":"Hypothesis Agent — investigative pivots pivots are ordered by priority","status":"passed","title":"pivots are ordered by priority","duration":0.3328749999999445,"failureMessages":[],"meta":{}},{"ancestorTitles":["Hypothesis Agent — evidence gaps"],"fullName":"Hypothesis Agent — evidence gaps evidence gap has required structure","status":"passed","title":"evidence gap has required structure","duration":0.36636399999997593,"failureMessages":[],"meta":{}},{"ancestorTitles":["Hypothesis Agent — evidence gaps"],"fullName":"Hypothesis Agent — evidence gaps gaps are derived from correlation missing evidence","status":"passed","title":"gaps are derived from correlation missing evidence","duration":0.27718800000002375,"failureMessages":[],"meta":{}},{"ancestorTitles":["Hypothesis Agent — timeline reconstruction"],"fullName":"Hypothesis Agent — timeline reconstruction timeline event has required structure","status":"passed","title":"timeline event has required structure","duration":0.4180549999999812,"failureMessages":[],"meta":{}},{"ancestorTitles":["Hypothesis Agent — timeline reconstruction"],"fullName":"Hypothesis Agent — timeline reconstruction timeline events are chronologically ordered","status":"passed","title":"timeline events are chronologically ordered","duration":0.3609629999999697,"failureMessages":[],"meta":{}},{"ancestorTitles":["Hypothesis Agent — timeline reconstruction"],"fullName":"Hypothesis Agent — timeline reconstruction source enum covers all expected data sources","status":"passed","title":"source enum covers all expected data sources","duration":0.6158609999999953,"failureMessages":[],"meta":{}},{"ancestorTitles":["Hypothesis Agent — recommended actions"],"fullName":"Hypothesis Agent — recommended actions action categories are correct","status":"passed","title":"action categories are correct","duration":0.34568400000000565,"failureMessages":[],"meta":{}},{"ancestorTitles":["Hypothesis Agent — recommended actions"],"fullName":"Hypothesis Agent — recommended actions action states are correct","status":"passed","title":"action states are correct","duration":0.34455500000001393,"failureMessages":[],"meta":{}},{"ancestorTitles":["Hypothesis Agent — recommended actions"],"fullName":"Hypothesis Agent — recommended actions action has required structure","status":"passed","title":"action has required structure","duration":0.5546850000000632,"failureMessages":[],"meta":{}},{"ancestorTitles":["Hypothesis Agent — recommended actions"],"fullName":"Hypothesis Agent — recommended actions state transitions are valid","status":"passed","title":"state transitions are valid","duration":0.4363740000000007,"failureMessages":[],"meta":{}},{"ancestorTitles":["Hypothesis Agent — completed pivots"],"fullName":"Hypothesis Agent — completed pivots completed pivot has required structure","status":"passed","title":"completed pivot has required structure","duration":0.387403000000063,"failureMessages":[],"meta":{}},{"ancestorTitles":["Hypothesis Agent — completed pivots"],"fullName":"Hypothesis Agent — completed pivots pivot recording preserves analyst input","status":"passed","title":"pivot recording preserves analyst input","duration":0.34926900000004935,"failureMessages":[],"meta":{}},{"ancestorTitles":["Hypothesis Agent — draft documentation"],"fullName":"Hypothesis Agent — draft documentation generates shift handoff summary","status":"passed","title":"generates shift handoff summary","duration":0.3964970000000676,"failureMessages":[],"meta":{}},{"ancestorTitles":["Hypothesis Agent — linked artifact tracking"],"fullName":"Hypothesis Agent — linked artifact tracking tracks linked triage IDs","status":"passed","title":"tracks linked triage IDs","duration":0.4960569999999507,"failureMessages":[],"meta":{}},{"ancestorTitles":["Hypothesis Agent — linked artifact tracking"],"fullName":"Hypothesis Agent — linked artifact tracking tracks linked correlation IDs","status":"passed","title":"tracks linked correlation IDs","duration":0.3620180000000346,"failureMessages":[],"meta":{}},{"ancestorTitles":["Hypothesis Agent — linked artifact tracking"],"fullName":"Hypothesis Agent — linked artifact tracking tracks linked alert IDs from correlation bundle","status":"passed","title":"tracks linked alert IDs from correlation bundle","duration":0.15769399999999223,"failureMessages":[],"meta":{}},{"ancestorTitles":["Hypothesis Agent — pipeline router contracts"],"fullName":"Hypothesis Agent — pipeline router contracts generateHypothesis input requires correlationId","status":"passed","title":"generateHypothesis input requires correlationId","duration":0.18957100000000082,"failureMessages":[],"meta":{}},{"ancestorTitles":["Hypothesis Agent — pipeline router contracts"],"fullName":"Hypothesis Agent — pipeline router contracts generateHypothesis output includes success, caseId, sessionId","status":"passed","title":"generateHypothesis output includes success, caseId, sessionId","duration":0.2887799999999743,"failureMessages":[],"meta":{}},{"ancestorTitles":["Hypothesis Agent — pipeline router contracts"],"fullName":"Hypothesis Agent — pipeline router contracts getLivingCaseById returns found flag and case data","status":"passed","title":"getLivingCaseById returns found flag and case data","duration":0.24688000000003285,"failureMessages":[],"meta":{}},{"ancestorTitles":["Hypothesis Agent — pipeline router contracts"],"fullName":"Hypothesis Agent — pipeline router contracts listLivingCases returns paginated results","status":"passed","title":"listLivingCases returns paginated results","duration":0.244961000000103,"failureMessages":[],"meta":{}},{"ancestorTitles":["Hypothesis Agent — pipeline router contracts"],"fullName":"Hypothesis Agent — pipeline router contracts Direction 1: uses responseActions.approve/reject/defer/execute (not updateActionState)","status":"passed","title":"Direction 1: uses responseActions.approve/reject/defer/execute (not updateActionState)","duration":0.3364080000000058,"failureMessages":[],"meta":{}},{"ancestorTitles":["Hypothesis Agent — pipeline router contracts"],"fullName":"Hypothesis Agent — pipeline router contracts recordPivot input requires caseId, action, finding","status":"passed","title":"recordPivot input requires caseId, action, finding","duration":0.4784419999999727,"failureMessages":[],"meta":{}},{"ancestorTitles":["Hypothesis Agent — LLM prompt construction"],"fullName":"Hypothesis Agent — LLM prompt construction system prompt includes role and output format","status":"passed","title":"system prompt includes role and output format","duration":0.24086899999997513,"failureMessages":[],"meta":{}},{"ancestorTitles":["Hypothesis Agent — LLM prompt construction"],"fullName":"Hypothesis Agent — LLM prompt construction user prompt includes correlation bundle data","status":"passed","title":"user prompt includes correlation bundle data","duration":0.19804099999998925,"failureMessages":[],"meta":{}},{"ancestorTitles":["Hypothesis Agent — LLM prompt construction"],"fullName":"Hypothesis Agent — LLM prompt construction LLM response is parsed as structured JSON","status":"passed","title":"LLM response is parsed as structured JSON","duration":0.20446300000003248,"failureMessages":[],"meta":{}},{"ancestorTitles":["Hypothesis Agent — living case state persistence"],"fullName":"Hypothesis Agent — living case state persistence living_case_state table has required columns","status":"passed","title":"living_case_state table has required columns","duration":0.12585200000000896,"failureMessages":[],"meta":{}},{"ancestorTitles":["Hypothesis Agent — living case state persistence"],"fullName":"Hypothesis Agent — living case state persistence caseData column stores full LivingCaseObject as JSON","status":"passed","title":"caseData column stores full LivingCaseObject as JSON","duration":0.19693500000005315,"failureMessages":[],"meta":{}},{"ancestorTitles":["Hypothesis Agent — living case state persistence"],"fullName":"Hypothesis Agent — living case state persistence denormalized fields are extracted from caseData for querying","status":"passed","title":"denormalized fields are extracted from caseData for querying","duration":0.2856370000000652,"failureMessages":[],"meta":{}},{"ancestorTitles":["Hypothesis Agent — action state management"],"fullName":"Hypothesis Agent — action state management updates action state in caseData","status":"passed","title":"updates action state in caseData","duration":0.1589280000000599,"failureMessages":[],"meta":{}},{"ancestorTitles":["Hypothesis Agent — action state management"],"fullName":"Hypothesis Agent — action state management recalculates denormalized counts after state change","status":"passed","title":"recalculates denormalized counts after state change","duration":0.19180499999993117,"failureMessages":[],"meta":{}},{"ancestorTitles":["Hypothesis Agent — pivot recording"],"fullName":"Hypothesis Agent — pivot recording appends pivot to completedPivots array","status":"passed","title":"appends pivot to completedPivots array","duration":0.28193100000009963,"failureMessages":[],"meta":{}},{"ancestorTitles":["Hypothesis Agent — pivot recording"],"fullName":"Hypothesis Agent — pivot recording recalculates completedPivotCount after recording","status":"passed","title":"recalculates completedPivotCount after recording","duration":0.14138500000001386,"failureMessages":[],"meta":{}},{"ancestorTitles":["Hypothesis Agent — end-to-end pipeline flow"],"fullName":"Hypothesis Agent — end-to-end pipeline flow Step 3 consumes Step 2 output (CorrelationBundle)","status":"passed","title":"Step 3 consumes Step 2 output (CorrelationBundle)","duration":0.16428699999994478,"failureMessages":[],"meta":{}},{"ancestorTitles":["Hypothesis Agent — end-to-end pipeline flow"],"fullName":"Hypothesis Agent — end-to-end pipeline flow Step 3 produces LivingCaseObject with all required sections","status":"passed","title":"Step 3 produces LivingCaseObject with all required sections","duration":0.4810820000000149,"failureMessages":[],"meta":{}},{"ancestorTitles":["Hypothesis Agent — end-to-end pipeline flow"],"fullName":"Hypothesis Agent — end-to-end pipeline flow pipeline chain: TriageObject → CorrelationBundle → LivingCaseObject","status":"passed","title":"pipeline chain: TriageObject → CorrelationBundle → LivingCaseObject","duration":0.2592009999999618,"failureMessages":[],"meta":{}}],"startTime":1772709795277,"endTime":1772709795333.4812,"status":"passed","message":"","name":"/home/ubuntu/dang/server/agenticPipeline.test.ts"},{"assertionResults":[{"ancestorTitles":["auth.logout"],"fullName":"auth.logout clears the session cookie and reports success","status":"passed","title":"clears the session cookie and reports success","duration":4.086539000000016,"failureMessages":[],"meta":{}}],"startTime":1772709817736,"endTime":1772709817740.0864,"status":"passed","message":"","name":"/home/ubuntu/dang/server/auth.logout.test.ts"},{"assertionResults":[{"ancestorTitles":["ChartSkeleton contract"],"fullName":"ChartSkeleton contract accepts all four chart variants","status":"passed","title":"accepts all four chart variants","duration":2.444878999999986,"failureMessages":[],"meta":{}},{"ancestorTitles":["ChartSkeleton contract"],"fullName":"ChartSkeleton contract has sensible default height","status":"passed","title":"has sensible default height","duration":0.5196229999999957,"failureMessages":[],"meta":{}},{"ancestorTitles":["ChartSkeleton contract"],"fullName":"ChartSkeleton contract title width calculation stays within bounds","status":"passed","title":"title width calculation stays within bounds","duration":0.26013000000000375,"failureMessages":[],"meta":{}},{"ancestorTitles":["ChartSkeleton contract"],"fullName":"ChartSkeleton contract bar variant generates correct number of bars","status":"passed","title":"bar variant generates correct number of bars","duration":1.2202429999999822,"failureMessages":[],"meta":{}},{"ancestorTitles":["ChartSkeleton contract"],"fullName":"ChartSkeleton contract heatmap variant generates 7x24 grid cells","status":"passed","title":"heatmap variant generates 7x24 grid cells","duration":0.4512290000000121,"failureMessages":[],"meta":{}},{"ancestorTitles":["ChartSkeleton contract"],"fullName":"ChartSkeleton contract pie variant radius stays within bounds for various heights","status":"passed","title":"pie variant radius stays within bounds for various heights","duration":0.5070369999999969,"failureMessages":[],"meta":{}},{"ancestorTitles":["ErrorBoundary contract"],"fullName":"ErrorBoundary contract getDerivedStateFromError returns correct state shape","status":"passed","title":"getDerivedStateFromError returns correct state shape","duration":0.3525070000000028,"failureMessages":[],"meta":{}},{"ancestorTitles":["ErrorBoundary contract"],"fullName":"ErrorBoundary contract inline mode shows label in crash message","status":"passed","title":"inline mode shows label in crash message","duration":0.17888099999998985,"failureMessages":[],"meta":{}},{"ancestorTitles":["ErrorBoundary contract"],"fullName":"ErrorBoundary contract inline mode without label falls back to generic message","status":"passed","title":"inline mode without label falls back to generic message","duration":0.38127799999998047,"failureMessages":[],"meta":{}},{"ancestorTitles":["ErrorBoundary contract"],"fullName":"ErrorBoundary contract retry resets error state","status":"passed","title":"retry resets error state","duration":0.3307399999999916,"failureMessages":[],"meta":{}},{"ancestorTitles":["ErrorBoundary contract"],"fullName":"ErrorBoundary contract toggleStack flips showStack state","status":"passed","title":"toggleStack flips showStack state","duration":0.20267200000000685,"failureMessages":[],"meta":{}},{"ancestorTitles":["ErrorBoundary contract"],"fullName":"ErrorBoundary contract fullscreen variant shows security reassurance message","status":"passed","title":"fullscreen variant shows security reassurance message","duration":0.18518100000000004,"failureMessages":[],"meta":{}},{"ancestorTitles":["KG seed data integrity"],"fullName":"KG seed data integrity expected record counts match the spec-derived totals","status":"passed","title":"expected record counts match the spec-derived totals","duration":0.3052370000000053,"failureMessages":[],"meta":{}},{"ancestorTitles":["KG seed data integrity"],"fullName":"KG seed data integrity all risk levels are accounted for","status":"passed","title":"all risk levels are accounted for","duration":0.4860029999999824,"failureMessages":[],"meta":{}},{"ancestorTitles":["KG seed data integrity"],"fullName":"KG seed data integrity LLM-allowed flag only set for SAFE endpoints","status":"passed","title":"LLM-allowed flag only set for SAFE endpoints","duration":0.23188799999999787,"failureMessages":[],"meta":{}}],"startTime":1772709812714,"endTime":1772709812723.232,"status":"passed","message":"","name":"/home/ubuntu/dang/server/chart-skeleton-error-boundary.test.ts"},{"assertionResults":[{"ancestorTitles":["recomputeCaseSummary"],"fullName":"recomputeCaseSummary should be exported as a function","status":"passed","title":"should be exported as a function","duration":1.4971099999999637,"failureMessages":[],"meta":{}},{"ancestorTitles":["recomputeCaseSummary"],"fullName":"recomputeCaseSummary should return null when database is unavailable","status":"passed","title":"should return null when database is unavailable","duration":106.36559499999998,"failureMessages":[],"meta":{}},{"ancestorTitles":["syncCaseSummaryAfterTransition"],"fullName":"syncCaseSummaryAfterTransition should be exported as a function","status":"passed","title":"should be exported as a function","duration":0.2641640000000507,"failureMessages":[],"meta":{}},{"ancestorTitles":["syncCaseSummaryAfterTransition"],"fullName":"syncCaseSummaryAfterTransition should not throw for invalid caseId","status":"passed","title":"should not throw for invalid caseId","duration":1.0358280000000377,"failureMessages":[],"meta":{}},{"ancestorTitles":["syncCaseSummaryAfterTransition"],"fullName":"syncCaseSummaryAfterTransition should not throw for non-existent caseId","status":"passed","title":"should not throw for non-existent caseId","duration":28.974849000000063,"failureMessages":[],"meta":{}},{"ancestorTitles":["CaseSummary type contract"],"fullName":"CaseSummary type contract should have all 6 required fields","status":"passed","title":"should have all 6 required fields","duration":0.3830120000000079,"failureMessages":[],"meta":{}},{"ancestorTitles":["CaseSummary type contract"],"fullName":"CaseSummary type contract total should equal sum of all states","status":"passed","title":"total should equal sum of all states","duration":0.24467500000002929,"failureMessages":[],"meta":{}},{"ancestorTitles":["CaseSummary type contract"],"fullName":"CaseSummary type contract empty case should have all zeros","status":"passed","title":"empty case should have all zeros","duration":0.21331099999997605,"failureMessages":[],"meta":{}},{"ancestorTitles":["Counter derivation logic"],"fullName":"Counter derivation logic correctly counts all-proposed actions","status":"passed","title":"correctly counts all-proposed actions","duration":0.4495130000000245,"failureMessages":[],"meta":{}},{"ancestorTitles":["Counter derivation logic"],"fullName":"Counter derivation logic correctly counts mixed-state actions","status":"passed","title":"correctly counts mixed-state actions","duration":0.2993779999999333,"failureMessages":[],"meta":{}},{"ancestorTitles":["Counter derivation logic"],"fullName":"Counter derivation logic correctly counts after approve transition","status":"passed","title":"correctly counts after approve transition","duration":0.25591799999995146,"failureMessages":[],"meta":{}},{"ancestorTitles":["Counter derivation logic"],"fullName":"Counter derivation logic correctly counts after reject transition","status":"passed","title":"correctly counts after reject transition","duration":0.19524700000010853,"failureMessages":[],"meta":{}},{"ancestorTitles":["Counter derivation logic"],"fullName":"Counter derivation logic correctly counts after execute transition","status":"passed","title":"correctly counts after execute transition","duration":0.15203799999994771,"failureMessages":[],"meta":{}},{"ancestorTitles":["Counter derivation logic"],"fullName":"Counter derivation logic correctly counts after defer transition","status":"passed","title":"correctly counts after defer transition","duration":0.14497799999992367,"failureMessages":[],"meta":{}},{"ancestorTitles":["Counter derivation logic"],"fullName":"Counter derivation logic total always equals sum of all states","status":"passed","title":"total always equals sum of all states","duration":0.2855729999999994,"failureMessages":[],"meta":{}},{"ancestorTitles":["Transition → Counter Sync Proof"],"fullName":"Transition → Counter Sync Proof proposed → approved: pending count decreases, approved increases","status":"passed","title":"proposed → approved: pending count decreases, approved increases","duration":0.29058099999997467,"failureMessages":[],"meta":{}},{"ancestorTitles":["Transition → Counter Sync Proof"],"fullName":"Transition → Counter Sync Proof approved → executed: approved decreases, executed increases","status":"passed","title":"approved → executed: approved decreases, executed increases","duration":0.19426099999998314,"failureMessages":[],"meta":{}},{"ancestorTitles":["Transition → Counter Sync Proof"],"fullName":"Transition → Counter Sync Proof proposed → rejected: pending decreases, rejected increases","status":"passed","title":"proposed → rejected: pending decreases, rejected increases","duration":0.15148599999997714,"failureMessages":[],"meta":{}},{"ancestorTitles":["Transition → Counter Sync Proof"],"fullName":"Transition → Counter Sync Proof proposed → deferred → proposed: counters round-trip correctly","status":"passed","title":"proposed → deferred → proposed: counters round-trip correctly","duration":0.20673299999998562,"failureMessages":[],"meta":{}},{"ancestorTitles":["Transition → Counter Sync Proof"],"fullName":"Transition → Counter Sync Proof full lifecycle: propose → approve → execute all actions","status":"passed","title":"full lifecycle: propose → approve → execute all actions","duration":0.3324880000000121,"failureMessages":[],"meta":{}},{"ancestorTitles":["Architecture Proof: Counter derivation path"],"fullName":"Architecture Proof: Counter derivation path transitionActionState calls syncCaseSummaryAfterTransition (code review)","status":"passed","title":"transitionActionState calls syncCaseSummaryAfterTransition (code review)","duration":0.35900299999991603,"failureMessages":[],"meta":{}},{"ancestorTitles":["Architecture Proof: Counter derivation path"],"fullName":"Architecture Proof: Counter derivation path CaseSummary matches LivingCaseObject.actionSummary shape","status":"passed","title":"CaseSummary matches LivingCaseObject.actionSummary shape","duration":1.135897,"failureMessages":[],"meta":{}},{"ancestorTitles":["Architecture Proof: Counter derivation path"],"fullName":"Architecture Proof: Counter derivation path hypothesisAgent imports recomputeCaseSummary (code review)","status":"passed","title":"hypothesisAgent imports recomputeCaseSummary (code review)","duration":11.905576999999994,"failureMessages":[],"meta":{}}],"startTime":1772709797507,"endTime":1772709797663.9055,"status":"passed"
[...]
untu/dang/server/wazuh/uiWiring.test.ts"},{"assertionResults":[{"ancestorTitles":["Wazuh Connection Secrets"],"fullName":"Wazuh Connection Secrets should have WAZUH_HOST set to 192.168.50.158","status":"passed","title":"should have WAZUH_HOST set to 192.168.50.158","duration":1.4527500000000089,"failureMessages":[],"meta":{}},{"ancestorTitles":["Wazuh Connection Secrets"],"fullName":"Wazuh Connection Secrets should have WAZUH_PORT set to 55000","status":"passed","title":"should have WAZUH_PORT set to 55000","duration":0.3048259999999914,"failureMessages":[],"meta":{}},{"ancestorTitles":["Wazuh Connection Secrets"],"fullName":"Wazuh Connection Secrets should have WAZUH_USER set to wazuh-wui","status":"passed","title":"should have WAZUH_USER set to wazuh-wui","duration":0.273350999999991,"failureMessages":[],"meta":{}},{"ancestorTitles":["Wazuh Connection Secrets"],"fullName":"Wazuh Connection Secrets should have WAZUH_PASS set (non-empty)","status":"passed","title":"should have WAZUH_PASS set (non-empty)","duration":0.3591350000000091,"failureMessages":[],"meta":{}},{"ancestorTitles":["Wazuh Connection Secrets"],"fullName":"Wazuh Connection Secrets should have WAZUH_INDEXER_HOST set (non-empty)","status":"passed","title":"should have WAZUH_INDEXER_HOST set (non-empty)","duration":0.17631200000002423,"failureMessages":[],"meta":{}},{"ancestorTitles":["Wazuh Connection Secrets"],"fullName":"Wazuh Connection Secrets should have WAZUH_INDEXER_PORT set to 9200","status":"passed","title":"should have WAZUH_INDEXER_PORT set to 9200","duration":0.23053300000000831,"failureMessages":[],"meta":{}},{"ancestorTitles":["Wazuh Connection Secrets"],"fullName":"Wazuh Connection Secrets should have WAZUH_INDEXER_USER set to admin","status":"passed","title":"should have WAZUH_INDEXER_USER set to admin","duration":0.17763199999998847,"failureMessages":[],"meta":{}},{"ancestorTitles":["Wazuh Connection Secrets"],"fullName":"Wazuh Connection Secrets should have WAZUH_INDEXER_PASS set (non-empty)","status":"passed","title":"should have WAZUH_INDEXER_PASS set (non-empty)","duration":0.20324200000001724,"failureMessages":[],"meta":{}}],"startTime":1772709817938,"endTime":1772709817942.2031,"status":"passed","message":"","name":"/home/ubuntu/dang/server/wazuh/wazuhConnection.test.ts"},{"assertionResults":[{"ancestorTitles":["Wazuh Credential Validation"],"fullName":"Wazuh Credential Validation should have Wazuh Manager credentials configured","status":"passed","title":"should have Wazuh Manager credentials configured","duration":1.6516349999999989,"failureMessages":[],"meta":{}},{"ancestorTitles":["Wazuh Credential Validation"],"fullName":"Wazuh Credential Validation should have Wazuh Indexer credentials configured","status":"passed","title":"should have Wazuh Indexer credentials configured","duration":0.5413029999999992,"failureMessages":[],"meta":{}},{"ancestorTitles":["Wazuh Credential Validation"],"fullName":"Wazuh Credential Validation should attempt to connect to Wazuh Manager API","status":"passed","title":"should attempt to connect to Wazuh Manager API","duration":5002.538218,"failureMessages":[],"meta":{}},{"ancestorTitles":["Wazuh Credential Validation"],"fullName":"Wazuh Credential Validation should attempt to connect to Wazuh Indexer","status":"passed","title":"should attempt to connect to Wazuh Indexer","duration":13.926991000000271,"failureMessages":[],"meta":{}}],"startTime":1772709813090,"endTime":1772709818107.927,"status":"passed","message":"","name":"/home/ubuntu/dang/server/wazuh/wazuhConnectivity.test.ts"},{"assertionResults":[{"ancestorTitles":["wazuh router"],"fullName":"wazuh router status returns configured: true when Wazuh is configured","status":"passed","title":"status returns configured: true when Wazuh is configured","duration":3.4725060000000667,"failureMessages":[],"meta":{}},{"ancestorTitles":["wazuh router"],"fullName":"wazuh router isConfigured returns a result with configured property","status":"passed","title":"isConfigured returns a result with configured property","duration":0.8284889999999905,"failureMessages":[],"meta":{}},{"ancestorTitles":["wazuh router"],"fullName":"wazuh router agents endpoint exists and returns data structure","status":"passed","title":"agents endpoint exists and returns data structure","duration":2.2704080000000886,"failureMessages":[],"meta":{}},{"ancestorTitles":["wazuh router"],"fullName":"wazuh router managerLogs endpoint exists and returns data structure","status":"passed","title":"managerLogs endpoint exists and returns data structure","duration":0.952368999999976,"failureMessages":[],"meta":{}},{"ancestorTitles":["wazuh router"],"fullName":"wazuh router managerStatus endpoint exists","status":"passed","title":"managerStatus endpoint exists","duration":0.6410720000000083,"failureMessages":[],"meta":{}},{"ancestorTitles":["wazuh router"],"fullName":"wazuh router managerInfo endpoint exists","status":"passed","title":"managerInfo endpoint exists","duration":0.5263569999999618,"failureMessages":[],"meta":{}},{"ancestorTitles":["wazuh router"],"fullName":"wazuh router managerStats endpoint exists","status":"passed","title":"managerStats endpoint exists","duration":0.46555100000000493,"failureMessages":[],"meta":{}},{"ancestorTitles":["wazuh router"],"fullName":"wazuh router statsHourly endpoint exists","status":"passed","title":"statsHourly endpoint exists","duration":0.4669219999999541,"failureMessages":[],"meta":{}},{"ancestorTitles":["wazuh router"],"fullName":"wazuh router clusterStatus endpoint exists","status":"passed","title":"clusterStatus endpoint exists","duration":0.6573709999998982,"failureMessages":[],"meta":{}},{"ancestorTitles":["wazuh router"],"fullName":"wazuh router clusterNodes endpoint exists","status":"passed","title":"clusterNodes endpoint exists","duration":0.7014219999999796,"failureMessages":[],"meta":{}},{"ancestorTitles":["wazuh router"],"fullName":"wazuh router scaPolicies endpoint requires agentId","status":"passed","title":"scaPolicies endpoint requires agentId","duration":0.9747610000000577,"failureMessages":[],"meta":{}},{"ancestorTitles":["wazuh router"],"fullName":"wazuh router scaChecks endpoint requires agentId and policyId","status":"passed","title":"scaChecks endpoint requires agentId and policyId","duration":0.8800860000000057,"failureMessages":[],"meta":{}},{"ancestorTitles":["wazuh router"],"fullName":"wazuh router syscheckFiles endpoint requires agentId","status":"passed","title":"syscheckFiles endpoint requires agentId","duration":0.8413890000000492,"failureMessages":[],"meta":{}},{"ancestorTitles":["wazuh router"],"fullName":"wazuh router syscheckLastScan endpoint requires agentId","status":"passed","title":"syscheckLastScan endpoint requires agentId","duration":0.5975690000000213,"failureMessages":[],"meta":{}},{"ancestorTitles":["wazuh router"],"fullName":"wazuh router daemonStats endpoint requires daemons array","status":"passed","title":"daemonStats endpoint requires daemons array","duration":0.6713640000000396,"failureMessages":[],"meta":{}},{"ancestorTitles":["wazuh router"],"fullName":"wazuh router syscollectorPackages endpoint requires agentId","status":"passed","title":"syscollectorPackages endpoint requires agentId","duration":0.8330760000000055,"failureMessages":[],"meta":{}},{"ancestorTitles":["wazuh router"],"fullName":"wazuh router syscollectorPorts endpoint requires agentId","status":"passed","title":"syscollectorPorts endpoint requires agentId","duration":0.7799640000000636,"failureMessages":[],"meta":{}},{"ancestorTitles":["wazuh router"],"fullName":"wazuh router syscollectorProcesses endpoint requires agentId","status":"passed","title":"syscollectorProcesses endpoint requires agentId","duration":0.6932750000000851,"failureMessages":[],"meta":{}},{"ancestorTitles":["wazuh router"],"fullName":"wazuh router agentOs endpoint requires agentId","status":"passed","title":"agentOs endpoint requires agentId","duration":0.49580300000002353,"failureMessages":[],"meta":{}},{"ancestorTitles":["wazuh router"],"fullName":"wazuh router agentHardware endpoint requires agentId","status":"passed","title":"agentHardware endpoint requires agentId","duration":0.46268099999997503,"failureMessages":[],"meta":{}},{"ancestorTitles":["wazuh router"],"fullName":"wazuh router agentNetaddr endpoint requires agentId","status":"passed","title":"agentNetaddr endpoint requires agentId","duration":0.5240179999999555,"failureMessages":[],"meta":{}},{"ancestorTitles":["wazuh router"],"fullName":"wazuh router mitreMetadata endpoint exists","status":"passed","title":"mitreMetadata endpoint exists","duration":0.4450779999999668,"failureMessages":[],"meta":{}},{"ancestorTitles":["wazuh router"],"fullName":"wazuh router mitreTechniques endpoint exists","status":"passed","title":"mitreTechniques endpoint exists","duration":0.6126850000000559,"failureMessages":[],"meta":{}},{"ancestorTitles":["wazuh router"],"fullName":"wazuh router mitreTactics endpoint exists","status":"passed","title":"mitreTactics endpoint exists","duration":0.42216799999994237,"failureMessages":[],"meta":{}},{"ancestorTitles":["wazuh router"],"fullName":"wazuh router agentBrowserExtensions endpoint returns data with fallback","status":"passed","title":"agentBrowserExtensions endpoint returns data with fallback","duration":0.6449969999999894,"failureMessages":[],"meta":{}},{"ancestorTitles":["wazuh router"],"fullName":"wazuh router agentServices endpoint returns data with fallback","status":"passed","title":"agentServices endpoint returns data with fallback","duration":0.7017070000000558,"failureMessages":[],"meta":{}},{"ancestorTitles":["wazuh router"],"fullName":"wazuh router agentUsers endpoint returns data with fallback","status":"passed","title":"agentUsers endpoint returns data with fallback","duration":0.6522240000000465,"failureMessages":[],"meta":{}},{"ancestorTitles":["wazuh router"],"fullName":"wazuh router agentGroups2 endpoint returns data with fallback","status":"passed","title":"agentGroups2 endpoint returns data with fallback","duration":0.5677549999999201,"failureMessages":[],"meta":{}},{"ancestorTitles":["wazuh router","P2: agentsSummary"],"fullName":"wazuh router P2: agentsSummary calls GET /agents/summary with no params","status":"passed","title":"calls GET /agents/summary with no params","duration":0.47703999999998814,"failureMessages":[],"meta":{}},{"ancestorTitles":["wazuh router","P2: agentsSummary"],"fullName":"wazuh router P2: agentsSummary calls GET /agents/summary with agents_list filter","status":"passed","title":"calls GET /agents/summary with agents_list filter","duration":0.5887689999999566,"failureMessages":[],"meta":{}},{"ancestorTitles":["wazuh router","P2: agentsSummary"],"fullName":"wazuh router P2: agentsSummary calls GET /agents/summary with agents_list as array","status":"passed","title":"calls GET /agents/summary with agents_list as array","duration":0.45680400000003374,"failureMessages":[],"meta":{}},{"ancestorTitles":["wazuh router","P2: managerVersionCheck"],"fullName":"wazuh router P2: managerVersionCheck calls GET /manager/version/check with no params","status":"passed","title":"calls GET /manager/version/check with no params","duration":0.4445699999999988,"failureMessages":[],"meta":{}},{"ancestorTitles":["wazuh router","P2: managerVersionCheck"],"fullName":"wazuh router P2: managerVersionCheck calls GET /manager/version/check with force_query=true","status":"passed","title":"calls GET /manager/version/check with force_query=true","duration":0.5268399999999929,"failureMessages":[],"meta":{}},{"ancestorTitles":["wazuh router","P2: managerComponentConfig"],"fullName":"wazuh router P2: managerComponentConfig calls GET /manager/configuration/{component}/{configuration}","status":"passed","title":"calls GET /manager/configuration/{component}/{configuration}","duration":0.4681719999999814,"failureMessages":[],"meta":{}},{"ancestorTitles":["wazuh router","P2: managerComponentConfig"],"fullName":"wazuh router P2: managerComponentConfig calls with different component/configuration pairs","status":"passed","title":"calls with different component/configuration pairs","duration":0.4648849999999811,"failureMessages":[],"meta":{}},{"ancestorTitles":["wazuh router","P2: managerComponentConfig"],"fullName":"wazuh router P2: managerComponentConfig rejects missing component","status":"passed","title":"rejects missing component","duration":2.432721000000015,"failureMessages":[],"meta":{}},{"ancestorTitles":["wazuh router","P2: managerComponentConfig"],"fullName":"wazuh router P2: managerComponentConfig rejects missing configuration","status":"passed","title":"rejects missing configuration","duration":0.6452719999999772,"failureMessages":[],"meta":{}},{"ancestorTitles":["wazuh router","P2: securityConfig"],"fullName":"wazuh router P2: securityConfig calls GET /security/config","status":"passed","title":"calls GET /security/config","duration":0.47550299999988965,"failureMessages":[],"meta":{}},{"ancestorTitles":["wazuh router","P2: securityCurrentUser"],"fullName":"wazuh router P2: securityCurrentUser calls GET /security/users/me","status":"passed","title":"calls GET /security/users/me","duration":0.41285199999992983,"failureMessages":[],"meta":{}},{"ancestorTitles":["wazuh router auth gating"],"fullName":"wazuh router auth gating rejects unauthenticated access to wazuh.status","status":"passed","title":"rejects unauthenticated access to wazuh.status","duration":0.49534700000003795,"failureMessages":[],"meta":{}},{"ancestorTitles":["wazuh router auth gating"],"fullName":"wazuh router auth gating rejects unauthenticated access to wazuh.agents","status":"passed","title":"rejects unauthenticated access to wazuh.agents","duration":0.47448800000006486,"failureMessages":[],"meta":{}},{"ancestorTitles":["wazuh router auth gating"],"fullName":"wazuh router auth gating rejects unauthenticated access to wazuh.managerInfo","status":"passed","title":"rejects unauthenticated access to wazuh.managerInfo","duration":0.46423600000002807,"failureMessages":[],"meta":{}},{"ancestorTitles":["wazuh router auth gating"],"fullName":"wazuh router auth gating rejects unauthenticated access to wazuh.securityCurrentUser","status":"passed","title":"rejects unauthenticated access to wazuh.securityCurrentUser","duration":0.4521150000000489,"failureMessages":[],"meta":{}},{"ancestorTitles":["wazuh router auth gating"],"fullName":"wazuh router auth gating rejects unauthenticated access to wazuh.securityRbacRules","status":"passed","title":"rejects unauthenticated access to wazuh.securityRbacRules","duration":0.45254399999998896,"failureMessages":[],"meta":{}},{"ancestorTitles":["wazuh router auth gating"],"fullName":"wazuh router auth gating rejects unauthenticated access to wazuh.securityActions","status":"passed","title":"rejects unauthenticated access to wazuh.securityActions","duration":0.43878800000004503,"failureMessages":[],"meta":{}},{"ancestorTitles":["wazuh router auth gating"],"fullName":"wazuh router auth gating rejects unauthenticated access to wazuh.securityResources","status":"passed","title":"rejects unauthenticated access to wazuh.securityResources","duration":0.7206610000000637,"failureMessages":[],"meta":{}},{"ancestorTitles":["wazuh router auth gating"],"fullName":"wazuh router auth gating rejects unauthenticated access to wazuh.securityCurrentUserPolicies","status":"passed","title":"rejects unauthenticated access to wazuh.securityCurrentUserPolicies","duration":0.506795000000011,"failureMessages":[],"meta":{}}],"startTime":1772709801385,"endTime":1772709801421.7207,"status":"passed","message":"","name":"/home/ubuntu/dang/server/wazuh/wazuhRouter.test.ts"},{"assertionResults":[{"ancestorTitles":["Wazuh API Spec v4.14.3 — Full Coverage Endpoints","syscollector/netproto endpoint"],"fullName":"Wazuh API Spec v4.14.3 — Full Coverage Endpoints syscollector/netproto endpoint should have agentNetproto procedure defined","status":"passed","title":"should have agentNetproto procedure defined","duration":238.471155,"failureMessages":[],"meta":{}},{"ancestorTitles":["Wazuh API Spec v4.14.3 — Full Coverage Endpoints","decoders/parents endpoint"],"fullName":"Wazuh API Spec v4.14.3 — Full Coverage Endpoints decoders/parents endpoint should have decoderParents procedure defined","status":"passed","title":"should have decoderParents procedure defined","duration":0.5037269999999694,"failureMessages":[],"meta":{}},{"ancestorTitles":["Wazuh API Spec v4.14.3 — Full Coverage Endpoints","rules/files/{filename} endpoint"],"fullName":"Wazuh API Spec v4.14.3 — Full Coverage Endpoints rules/files/{filename} endpoint should have ruleFileContent procedure defined","status":"passed","title":"should have ruleFileContent procedure defined","duration":0.3654359999999883,"failureMessages":[],"meta":{}},{"ancestorTitles":["Wazuh API Spec v4.14.3 — Full Coverage Endpoints","decoders/files/{filename} endpoint"],"fullName":"Wazuh API Spec v4.14.3 — Full Coverage Endpoints decoders/files/{filename} endpoint should have decoderFileContent procedure defined","status":"passed","title":"should have decoderFileContent procedure defined","duration":0.35795699999999897,"failureMessages":[],"meta":{}},{"ancestorTitles":["Wazuh API Spec v4.14.3 — Full Coverage Endpoints","agents/outdated endpoint"],"fullName":"Wazuh API Spec v4.14.3 — Full Coverage Endpoints agents/outdated endpoint should have agentsOutdated procedure defined","status":"passed","title":"should have agentsOutdated procedure defined","duration":0.5014499999999771,"failureMessages":[],"meta":{}},{"ancestorTitles":["Wazuh API Spec v4.14.3 — Full Coverage Endpoints","agents/no_group endpoint"],"fullName":"Wazuh API Spec v4.14.3 — Full Coverage Endpoints agents/no_group endpoint should have agentsNoGroup procedure defined","status":"passed","title":"should have agentsNoGroup procedure defined","duration":0.3968540000000189,"failureMessages":[],"meta":{}},{"ancestorTitles":["Wazuh API Spec v4.14.3 — Full Coverage Endpoints","agents/stats/distinct endpoint"],"fullName":"Wazuh API Spec v4.14.3 — Full Coverage Endpoints agents/stats/distinct endpoint should have agentStatsDistinct procedure defined","status":"passed","title":"should have agentStatsDistinct procedure defined","duration":0.33155299999998533,"failureMessages":[],"meta":{}},{"ancestorTitles":["Wazuh API Spec v4.14.3 — Full Coverage Endpoints","groups/{group_id}/configuration endpoint"],"fullName":"Wazuh API Spec v4.14.3 — Full Coverage Endpoints groups/{group_id}/configuration endpoint should have groupConfiguration procedure defined","status":"passed","title":"should have groupConfiguration procedure defined","duration":0.3037249999999858,"failureMessages":[],"meta":{}},{"ancestorTitles":["Wazuh API Spec v4.14.3 — Full Coverage Endpoints","core endpoint coverage"],"fullName":"Wazuh API Spec v4.14.3 — Full Coverage Endpoints core endpoint coverage should have all essential read-only endpoints","status":"passed","title":"should have all essential read-only endpoints","duration":2.179846999999995,"failureMessages":[],"meta":{}},{"ancestorTitles":["Wazuh API Spec v4.14.3 — Full Coverage Endpoints","core endpoint coverage"],"fullName":"Wazuh API Spec v4.14.3 — Full Coverage Endpoints core endpoint coverage should have status and auth endpoints","status":"passed","title":"should have status and auth endpoints","duration":0.334179000000006,"failureMessages":[],"meta":{}},{"ancestorTitles":["Wazuh API Spec v4.14.3 — Full Coverage Endpoints","read-only enforcement"],"fullName":"Wazuh API Spec v4.14.3 — Full Coverage Endpoints read-only enforcement should not contain any write/delete/put mutation endpoints","status":"passed","title":"should not contain any write/delete/put mutation endpoints","duration":16.763577999999995,"failureMessages":[],"meta":{}}],"startTime":1772709812628,"endTime":1772709812889.7637,"status":"passed","message":"","name":"/home/ubuntu/dang/server/wazuh/wazuhSpecCoverage.test.ts"}]}